2021-08-09 12:24:55 info: Listening on port 8080
2021-08-09 12:25:47 info: Listening on port 8080
2021-08-09 12:25:52 info: Listening on port 8080
2021-08-09 12:26:17 info: Listening on port 8080
2021-08-09 12:26:28 info: Listening on port 8080
2021-08-09 12:26:35 info: Listening on port 8080
2021-08-09 12:27:10 info: Listening on port 888
2021-08-09 12:27:29 info: Listening on port 8888
2021-08-09 12:27:34 info: Listening on port 8888
2021-08-09 12:27:39 error: Error: Failed to lookup view "index" in views directory "C:\douzone2021\vscode-projects\react-practices\07.integration\app01.emaillist\backend\views"
    at Function.render (C:\douzone2021\vscode-projects\react-practices\07.integration\app01.emaillist\node_modules\express\lib\application.js:580:17)
    at ServerResponse.render (C:\douzone2021\vscode-projects\react-practices\07.integration\app01.emaillist\node_modules\express\lib\response.js:1012:7)
    at readAll (C:\douzone2021\vscode-projects\react-practices\07.integration\app01.emaillist\backend\controllers\emaillist.js:8:17)
    at processTicksAndRejections (internal/process/task_queues.js:95:5)
2021-08-09 12:29:49 info: Listening on port 8888
2021-08-09 12:30:02 info: Listening on port 8888
2021-08-09 12:38:53 info: Listening on port 8888
2021-08-09 12:44:42 info: Listening on port 8888
2021-08-09 12:45:32 info: Listening on port 8888
2021-08-09 12:46:09 info: Listening on port 8888
2021-08-09 12:46:11 info: Listening on port 8888
2021-08-09 12:46:18 info: Listening on port 8888
2021-08-09 12:47:12 info: Listening on port 8888
2021-08-09 12:48:26 info: Listening on port 8888
2021-08-09 12:48:45 info: Listening on port 8888
2021-08-09 12:49:34 info: Listening on port 8888
2021-08-09 14:05:35 info: Listening on port 8888
2021-08-09 14:07:19 info: Listening on port 8888
2021-08-09 14:07:46 info: Listening on port 8888
2021-08-09 14:08:54 info: Listening on port 8888
2021-08-09 14:10:52 info: Listening on port 8888
2021-08-09 14:17:55 info: Listening on port 8888
2021-08-09 14:20:00 info: Listening on port 8888
2021-08-09 14:23:08 info: Listening on port 8888
2021-08-09 14:58:44 info: Listening on port 8888
